<?xml version="1.0" encoding="utf-8"?><testsuites name="pytest tests"><testsuite name="pytest" errors="0" failures="0" skipped="0" tests="14" time="1.803" timestamp="2026-09-19T07:56:34.675479+00:00" hostname="agent-env-4937919d-cec4-42d9-91bd-1b37bdcd5b95"><testcase classname="tests.test_progress_sync.TestSyncValidation" name="test_bare_uid_rejected" time="0.220" /><testcase classname="tests.test_progress_sync.TestMergeSemantics" name="test_max_xp_streak_days" time="0.265" /><testcase classname="tests.test_progress_sync.TestSyncValidation" name="test_missing_uid_rejected" time="0.118" /><testcase classname="tests.test_progress_sync.TestMergeSemantics" name="test_done_and_ach_union" time="0.199" /><testcase classname="tests.test_progress_sync.TestSyncValidation" name="test_too_long_uid_rejected" time="0.172" /><testcase classname="tests.test_progress_sync.TestMergeSemantics" name="test_practice_or_ok" time="0.176" /><testcase classname="tests.test_progress_sync.TestSyncValidation" name="test_web_uid_accepted" time="0.180" /><testcase classname="tests.test_progress_sync.TestMergeSemantics" name="test_history_capped_at_500" time="0.156" /><testcase classname="tests.test_progress_sync.TestGetAndReset" name="test_get_unknown_404" time="0.108" /><testcase classname="tests.test_progress_sync.TestMergeSemantics" name="test_response_shape" time="0.109" /><testcase classname="tests.test_progress_sync.TestGetAndReset" name="test_get_returns_state" time="0.280" /><testcase classname="tests.test_progress_sync.TestInvalidInitData" name="test_bad_signature_falls_through_to_web" time="0.110" /><testcase classname="tests.test_progress_sync.TestGetAndReset" name="test_reset_empties_state" time="0.223" /><testcase classname="tests.test_progress_sync.TestGetAndReset" name="test_reset_bad_uid_400" time="0.147" /></testsuite></testsuites>