<?xml version="1.0" encoding="utf-8"?><testsuites name="pytest tests"><testsuite name="pytest" errors="0" failures="0" skipped="0" tests="13" time="11.551" timestamp="2026-09-19T07:21:07.332157+00:00" hostname="agent-env-4937919d-cec4-42d9-91bd-1b37bdcd5b95"><testcase classname="tests.test_iteration_7.TestBotLive" name="test_backend_log_polling_started" time="0.001" /><testcase classname="tests.test_iteration_7.TestRepoHygiene" name="test_workflow_copies_from_docs" time="0.000" /><testcase classname="tests.test_iteration_7.TestRepoHygiene" name="test_nojekyll_in_docs" time="0.000" /><testcase classname="tests.test_iteration_7.TestRepoHygiene" name="test_bot_gitignore_env" time="0.000" /><testcase classname="tests.test_iteration_7.TestRepoHygiene" name="test_no_committed_env" time="0.000" /><testcase classname="tests.test_iteration_7.TestBotLive" name="test_telegram_get_me" time="0.365" /><testcase classname="tests.test_iteration_7.TestRepoHygiene" name="test_check_i18n_exits_zero" time="0.028" /><testcase classname="tests.test_iteration_7.TestBackendAPI" name="test_root_hello_world" time="2.986" /><testcase classname="tests.test_iteration_7.TestBotLive" name="test_telegram_webhook_empty" time="0.362" /><testcase classname="tests.test_iteration_7.TestMiniAppStatic" name="test_index_200" time="2.296" /><testcase classname="tests.test_iteration_7.TestBackendAPI" name="test_mentor_ask_ru" time="6.381" /><testcase classname="tests.test_iteration_7.TestMiniAppStatic" name="test_all_assets_200" time="4.484" /><testcase classname="tests.test_iteration_7.TestBotModule" name="test_bot_import_and_labels" time="1.804" /></testsuite></testsuites>