<?xml version="1.0" encoding="utf-8"?><testsuites name="pytest tests"><testsuite name="pytest" errors="0" failures="0" skipped="0" tests="6" time="26.170" timestamp="2026-09-19T07:03:07.101443+00:00" hostname="agent-env-4937919d-cec4-42d9-91bd-1b37bdcd5b95"><testcase classname="tests.test_mentor.TestMentorExplain" name="test_explain_ru_and_persistence" time="6.745" /><testcase classname="tests.test_mentor.TestMentorAsk" name="test_ask_uk_valid" time="6.837" /><testcase classname="tests.test_mentor.TestMentorAsk" name="test_ask_ar_contains_arabic" time="6.231" /><testcase classname="tests.test_mentor.TestMentorAsk" name="test_ask_signal_refused" time="6.491" /><testcase classname="tests.test_mentor.TestMentorAsk" name="test_ask_missing_question_422" time="0.077" /><testcase classname="tests.test_mentor.TestMentorAsk" name="test_ask_invalid_lang_falls_back_to_ru" time="6.078" /></testsuite></testsuites>